<?xml version="1.0" encoding="UTF-8"?>
<coverage generated="1600957978333" clover="3.2.0">
  <project timestamp="1600957978334" name="All files">
    <metrics statements="11" coveredstatements="10" conditionals="2" coveredconditionals="1" methods="2" coveredmethods="1" elements="15" coveredelements="12" complexity="0" loc="11" ncloc="11" packages="1" files="2" classes="2"/>
    <file name="index.ts" path="D:\Tavisca\radio-card\packages\radio-button-card\src\index.ts">
      <metrics statements="0" coveredstatements="0" conditionals="0" coveredconditionals="0" methods="0" coveredmethods="0"/>
    </file>
    <file name="orxe-radio-button-card.ts" path="D:\Tavisca\radio-card\packages\radio-button-card\src\orxe-radio-button-card.ts">
      <metrics statements="11" coveredstatements="10" conditionals="2" coveredconditionals="1" methods="2" coveredmethods="1"/>
      <line num="7" count="5" type="stmt"/>
      <line num="10" count="5" type="stmt"/>
      <line num="13" count="5" type="stmt"/>
      <line num="16" count="5" type="stmt"/>
      <line num="19" count="5" type="stmt"/>
      <line num="22" count="5" type="stmt"/>
      <line num="25" count="5" type="stmt"/>
      <line num="28" count="5" type="stmt"/>
      <line num="31" count="5" type="stmt"/>
      <line num="56" count="0" type="stmt"/>
      <line num="61" count="2" type="stmt"/>
    </file>
  </project>
</coverage>
