{"D:\\Tavisca\\radio-card\\packages\\radio-button-card\\src\\index.ts": {"path":"D:\\Tavisca\\radio-card\\packages\\radio-button-card\\src\\index.ts","statementMap":{},"fnMap":{},"branchMap":{},"s":{},"f":{},"b":{},"_coverageSchema":"1a1c01bbd47fc00a2c39e90264f33305004495a9","hash":"bab2932e20a12972f606a9b760618eebdcb8f039"}
,"D:\\Tavisca\\radio-card\\packages\\radio-button-card\\src\\orxe-radio-button-card.ts": {"path":"D:\\Tavisca\\radio-card\\packages\\radio-button-card\\src\\orxe-radio-button-card.ts","statementMap":{"0":{"start":{"line":7,"column":10},"end":{"line":7,"column":71}},"1":{"start":{"line":10,"column":12},"end":{"line":10,"column":58}},"2":{"start":{"line":13,"column":19},"end":{"line":13,"column":24}},"3":{"start":{"line":16,"column":15},"end":{"line":16,"column":22}},"4":{"start":{"line":17,"column":17},"end":{"line":17,"column":25}},"5":{"start":{"line":20,"column":4},"end":{"line":20,"column":12}},"6":{"start":{"line":24,"column":4},"end":{"line":55,"column":6}},"7":{"start":{"line":59,"column":4},"end":{"line":59,"column":31}},"8":{"start":{"line":65,"column":18},"end":{"line":65,"column":24}}},"fnMap":{"0":{"name":"(anonymous_0)","decl":{"start":{"line":19,"column":2},"end":{"line":19,"column":3}},"loc":{"start":{"line":19,"column":16},"end":{"line":21,"column":3}},"line":19},"1":{"name":"(anonymous_1)","decl":{"start":{"line":23,"column":2},"end":{"line":23,"column":3}},"loc":{"start":{"line":23,"column":11},"end":{"line":56,"column":3}},"line":23},"2":{"name":"(anonymous_2)","decl":{"start":{"line":58,"column":2},"end":{"line":58,"column":3}},"loc":{"start":{"line":58,"column":16},"end":{"line":60,"column":3}},"line":58}},"branchMap":{"0":{"loc":{"start":{"line":29,"column":22},"end":{"line":29,"column":70}},"type":"cond-expr","locations":[{"start":{"line":29,"column":44},"end":{"line":29,"column":54}},{"start":{"line":29,"column":57},"end":{"line":29,"column":70}}],"line":29}},"s":{"0":6,"1":6,"2":6,"3":6,"4":6,"5":6,"6":6,"7":0,"8":2},"f":{"0":6,"1":6,"2":0},"b":{"0":[0,6]},"_coverageSchema":"1a1c01bbd47fc00a2c39e90264f33305004495a9","hash":"7a7fff1748578a7510b3e5ecfc0747ff73551612"}
}
