{"D:\\Tavisca\\radio-card\\packages\\radio-button-card\\src\\index.ts": {"path":"D:\\Tavisca\\radio-card\\packages\\radio-button-card\\src\\index.ts","statementMap":{},"fnMap":{},"branchMap":{},"s":{},"f":{},"b":{},"_coverageSchema":"1a1c01bbd47fc00a2c39e90264f33305004495a9","hash":"bab2932e20a12972f606a9b760618eebdcb8f039"}
,"D:\\Tavisca\\radio-card\\packages\\radio-button-card\\src\\orxe-radio-button-card.ts": {"path":"D:\\Tavisca\\radio-card\\packages\\radio-button-card\\src\\orxe-radio-button-card.ts","statementMap":{"0":{"start":{"line":7,"column":11},"end":{"line":7,"column":19}},"1":{"start":{"line":10,"column":15},"end":{"line":10,"column":27}},"2":{"start":{"line":13,"column":10},"end":{"line":13,"column":12}},"3":{"start":{"line":16,"column":11},"end":{"line":16,"column":13}},"4":{"start":{"line":19,"column":7},"end":{"line":19,"column":16}},"5":{"start":{"line":22,"column":9},"end":{"line":22,"column":18}},"6":{"start":{"line":25,"column":10},"end":{"line":25,"column":19}},"7":{"start":{"line":28,"column":19},"end":{"line":28,"column":24}},"8":{"start":{"line":31,"column":4},"end":{"line":53,"column":6}},"9":{"start":{"line":56,"column":4},"end":{"line":56,"column":31}},"10":{"start":{"line":61,"column":18},"end":{"line":61,"column":24}}},"fnMap":{"0":{"name":"(anonymous_0)","decl":{"start":{"line":30,"column":2},"end":{"line":30,"column":3}},"loc":{"start":{"line":30,"column":11},"end":{"line":54,"column":3}},"line":30},"1":{"name":"(anonymous_1)","decl":{"start":{"line":55,"column":2},"end":{"line":55,"column":3}},"loc":{"start":{"line":55,"column":13},"end":{"line":57,"column":3}},"line":55}},"branchMap":{"0":{"loc":{"start":{"line":46,"column":12},"end":{"line":50,"column":20}},"type":"cond-expr","locations":[{"start":{"line":47,"column":14},"end":{"line":49,"column":15}},{"start":{"line":50,"column":14},"end":{"line":50,"column":20}}],"line":46}},"s":{"0":5,"1":5,"2":5,"3":5,"4":5,"5":5,"6":5,"7":5,"8":5,"9":0,"10":2},"f":{"0":5,"1":0},"b":{"0":[0,5]},"_coverageSchema":"1a1c01bbd47fc00a2c39e90264f33305004495a9","hash":"08f57b49736995d3da06ed27cb879e0545cbfe13"}
}
